<?xml version="1.0" encoding="UTF-8"?>
<!-- Generated by org.testng.reporters.JUnitReportReporter -->
<testsuite hostname="DESKTOP-FUGQNF4" failures="0" tests="1" name="com.mystroe.testcases.TC_ProductPageTest" time="14.561" errors="0" timestamp="2023-04-03T16:00:18 IST" skipped="0">
  <testcase classname="com.mystroe.testcases.TC_ProductPageTest" name="VerifySearchProduct" time="14.561"/>
  <system-out/>
</testsuite> <!-- com.mystroe.testcases.TC_ProductPageTest -->
