<?xml version="1.0" encoding="UTF-8"?>
<!-- Generated by org.testng.reporters.JUnitReportReporter -->
<testsuite hostname="DESKTOP-FUGQNF4" failures="0" tests="1" name="com.mystroe.testcases.TC_BuyProductPageTest" time="41.387" errors="0" timestamp="2023-06-20T20:42:25 IST" skipped="0">
  <testcase classname="com.mystroe.testcases.TC_BuyProductPageTest" name="VerifyBuyProduct" time="41.387"/>
  <system-out/>
</testsuite> <!-- com.mystroe.testcases.TC_BuyProductPageTest -->
