<?xml version="1.0" encoding="UTF-8"?>
<!-- Generated by org.testng.reporters.JUnitReportReporter -->
<testsuite hostname="DESKTOP-FUGQNF4" failures="0" tests="3" name="com.mystroe.testcases.TC1_MyAccountCreation" time="33.003" errors="0" timestamp="2023-06-20T20:42:25 IST" skipped="1">
  <testcase classname="com.mystroe.testcases.TC1_MyAccountCreation" name="VerifySignOut" time="20.546"/>
  <system-out/>
  <testcase classname="com.mystroe.testcases.TC1_MyAccountCreation" name="VerifyLogin" time="12.457"/>
  <system-out/>
  <testcase classname="com.mystroe.testcases.TC1_MyAccountCreation" name="VerifyRegistrationAndLogin">
    <skipped/>
  </testcase> <!-- VerifyRegistrationAndLogin -->
  <system-out/>
</testsuite> <!-- com.mystroe.testcases.TC1_MyAccountCreation -->
